[debug] [2023-06-29T22:57:11.442Z] ----------------------------------------------------------------------
[debug] [2023-06-29T22:57:11.445Z] Command:       C:\Program Files\nodejs\node.exe C:\Users\balas\AppData\Roaming\npm\node_modules\firebase-tools\lib\bin\firebase.js init
[debug] [2023-06-29T22:57:11.446Z] CLI Version:   12.4.0
[debug] [2023-06-29T22:57:11.446Z] Platform:      win32
[debug] [2023-06-29T22:57:11.447Z] Node Version:  v18.16.0
[debug] [2023-06-29T22:57:11.448Z] Time:          Thu Jun 29 2023 17:57:11 GMT-0500 (Central Daylight Time)
[debug] [2023-06-29T22:57:11.448Z] ----------------------------------------------------------------------
[debug] 
[debug] [2023-06-29T22:57:11.452Z] >>> [apiv2][query] GET https://firebase-public.firebaseio.com/cli.json [none]
[debug] [2023-06-29T22:57:11.513Z] > command requires scopes: ["email","openid","https://www.googleapis.com/auth/cloudplatformprojects.readonly","https://www.googleapis.com/auth/firebase","https://www.googleapis.com/auth/cloud-platform"]
[debug] [2023-06-29T22:57:11.513Z] > authorizing via signed-in user (sivalabalamurali97@gmail.com)
[info] 
     ######## #### ########  ######## ########     ###     ######  ########
     ##        ##  ##     ## ##       ##     ##  ##   ##  ##       ##
     ######    ##  ########  ######   ########  #########  ######  ######
     ##        ##  ##    ##  ##       ##     ## ##     ##       ## ##
     ##       #### ##     ## ######## ########  ##     ##  ######  ########

You're about to initialize a Firebase project in this directory:

  C:\Users\balas\Documents\assignments\forms\login_firebase

[debug] [2023-06-29T22:57:11.633Z] <<< [apiv2][status] GET https://firebase-public.firebaseio.com/cli.json 200
[debug] [2023-06-29T22:57:11.633Z] <<< [apiv2][body] GET https://firebase-public.firebaseio.com/cli.json {"cloudBuildErrorAfter":1594252800000,"cloudBuildWarnAfter":1590019200000,"defaultNode10After":1594252800000,"minVersion":"3.0.5","node8DeploysDisabledAfter":1613390400000,"node8RuntimeDisabledAfter":1615809600000,"node8WarnAfter":1600128000000}
